现在训练的是：yeo_resnet18_lr0.01_epoch50
使用的训练集：../data2/train_yeo_224/
使用的测试集：../data2/test_yeo_224/
加载的模型权重文件：../model/offical/resnet18-5c106cde.pth
Traceback (most recent call last):
  File "fl_hcar_yeo_other_models.py", line 43, in <module>
    transform=torchvision.transforms.ToTensor()).federate((bob, alice)),
  File "/home/raoxy/Ad3/envs/syftpy/lib/python3.7/site-packages/syft/frameworks/torch/fl/dataset.py", line 212, in dataset_federate
    for dataset_idx, (data, targets) in enumerate(data_loader):
  File "/home/raoxy/Ad3/envs/syftpy/lib/python3.7/site-packages/torch/utils/data/dataloader.py", line 345, in __next__
    data = self._next_data()
  File "/home/raoxy/Ad3/envs/syftpy/lib/python3.7/site-packages/torch/utils/data/dataloader.py", line 385, in _next_data
    data = self._dataset_fetcher.fetch(index)  # may raise StopIteration
  File "/home/raoxy/Ad3/envs/syftpy/lib/python3.7/site-packages/torch/utils/data/_utils/fetch.py", line 44, in fetch
    data = [self.dataset[idx] for idx in possibly_batched_index]
  File "/home/raoxy/Ad3/envs/syftpy/lib/python3.7/site-packages/torch/utils/data/_utils/fetch.py", line 44, in <listcomp>
    data = [self.dataset[idx] for idx in possibly_batched_index]
  File "/home/raoxy/Ad3/envs/syftpy/lib/python3.7/site-packages/torchvision/datasets/folder.py", line 140, in __getitem__
    sample = self.transform(sample)
  File "/home/raoxy/Ad3/envs/syftpy/lib/python3.7/site-packages/torchvision/transforms/transforms.py", line 101, in __call__
    return F.to_tensor(pic)
  File "/home/raoxy/Ad3/envs/syftpy/lib/python3.7/site-packages/torchvision/transforms/functional.py", line 100, in to_tensor
    return img.float().div(255)
  File "/home/raoxy/Ad3/envs/syftpy/lib/python3.7/site-packages/syft/generic/frameworks/hook/trace.py", line 83, in trace_wrapper
    response = func(*args, **kwargs)
  File "/home/raoxy/Ad3/envs/syftpy/lib/python3.7/site-packages/syft/generic/frameworks/hook/hook.py", line 419, in overloaded_native_method
    raise route_method_exception(e, self, args, kwargs)
  File "/home/raoxy/Ad3/envs/syftpy/lib/python3.7/site-packages/syft/generic/frameworks/hook/hook.py", line 415, in overloaded_native_method
    response = method(*args, **kwargs)
KeyboardInterrupt
现在训练的是：yeo_resnet50_lr0.01_epoch50
使用的训练集：../data2/train_yeo_224/
使用的测试集：../data2/test_yeo_224/
加载的模型权重文件：../model/offical/resnet50-0676ba61.pth
现在训练的是：yeo_resnet50_lr0.01_epoch50
使用的训练集：../data2/train_yeo_224/
使用的测试集：../data2/test_yeo_224/
加载的模型权重文件：../model/offical/resnet50-0676ba61.pth
