This is pdfTeX, Version 3.141592653-2.6-1.40.25 (TeX Live 2023) (preloaded format=pdflatex 2024.3.8)  9 MAR 2024 21:59
entering extended mode
 restricted \write18 enabled.
 file:line:error style messages enabled.
 %&-line parsing enabled.
**d:/Desktop/Iov-with-FL/thesis/demo.tex
(d:/Desktop/Iov-with-FL/thesis/demo.tex
LaTeX2e <2022-11-01> patch level 1
L3 programming layer <2023-02-22> (./BJTU-thesis.cls (d:/texlive/2023/texmf-dist/tex/latex/booktabs/booktabs.sty
Package: booktabs 2020/01/12 v1.61803398 Publication quality tables
\heavyrulewidth=\dimen140
\lightrulewidth=\dimen141
\cmidrulewidth=\dimen142
\belowrulesep=\dimen143
\belowbottomsep=\dimen144
\aboverulesep=\dimen145
\abovetopsep=\dimen146
\cmidrulesep=\dimen147
\cmidrulekern=\dimen148
\defaultaddspace=\dimen149
\@cmidla=\count185
\@cmidlb=\count186
\@aboverulesep=\dimen150
\@belowrulesep=\dimen151
\@thisruleclass=\count187
\@lastruleclass=\count188
\@thisrulewidth=\dimen152
) (d:/texlive/2023/texmf-dist/tex/latex/makecell/makecell.sty
Package: makecell 2009/08/03 V0.1e Managing of Tab Column Heads and Cells
 (d:/texlive/2023/texmf-dist/tex/latex/tools/array.sty
Package: array 2022/09/04 v2.5g Tabular extension package (FMi)
\col@sep=\dimen153
\ar@mcellbox=\box51
\extrarowheight=\dimen154
\NC@list=\toks16
\extratabsurround=\skip48
\backup@length=\skip49
\ar@cellbox=\box52
)
\rotheadsize=\dimen155
\c@nlinenum=\count189
\TeXr@lab=\toks17
) (d:/texlive/2023/texmf-dist/tex/latex/algorithms/algorithm.sty
Package: algorithm 2009/08/24 v0.1 Document Style `algorithm' - floating environment
 (d:/texlive/2023/texmf-dist/tex/latex/float/float.sty
Package: float 2001/11/08 v1.3d Float enhancements (AL)
\c@float@type=\count190
\float@exts=\toks18
\float@box=\box53
\@float@everytoks=\toks19
\@floatcapt=\box54
) (d:/texlive/2023/texmf-dist/tex/latex/base/ifthen.sty
Package: ifthen 2022/04/13 v1.1d Standard LaTeX ifthen package (DPC)
)
\@float@every@algorithm=\toks20
\c@algorithm=\count191
) (d:/texlive/2023/texmf-dist/tex/latex/algorithms/algorithmic.sty
Package: algorithmic 2009/08/24 v0.1 Document Style `algorithmic'
 (d:/texlive/2023/texmf-dist/tex/latex/graphics/keyval.sty
Package: keyval 2022/05/29 v1.15 key=value parser (DPC)
\KV@toks@=\toks21
)
\c@ALC@unique=\count192
\c@ALC@line=\count193
\c@ALC@rem=\count194
\c@ALC@depth=\count195
\ALC@tlm=\skip50
\algorithmicindent=\skip51
) (d:/texlive/2023/texmf-dist/tex/latex/amsmath/amsmath.sty
Package: amsmath 2022/04/08 v2.17n AMS math features
\@mathmargin=\skip52

For additional information on amsmath, use the `?' option.
(d:/texlive/2023/texmf-dist/tex/latex/amsmath/amstext.sty
Package: amstext 2021/08/26 v2.01 AMS text
 (d:/texlive/2023/texmf-dist/tex/latex/amsmath/amsgen.sty
File: amsgen.sty 1999/11/30 v2.0 generic functions
\@emptytoks=\toks22
\ex@=\dimen156
)) (d:/texlive/2023/texmf-dist/tex/latex/amsmath/amsbsy.sty
Package: amsbsy 1999/11/29 v1.2d Bold Symbols
\pmbraise@=\dimen157
) (d:/texlive/2023/texmf-dist/tex/latex/amsmath/amsopn.sty
Package: amsopn 2022/04/08 v2.04 operator names
)
\inf@bad=\count196
LaTeX Info: Redefining \frac on input line 234.
\uproot@=\count197
\leftroot@=\count198
LaTeX Info: Redefining \overline on input line 399.
LaTeX Info: Redefining \colon on input line 410.
\classnum@=\count199
\DOTSCASE@=\count266
LaTeX Info: Redefining \ldots on input line 496.
LaTeX Info: Redefining \dots on input line 499.
LaTeX Info: Redefining \cdots on input line 620.
\Mathstrutbox@=\box55
\strutbox@=\box56
LaTeX Info: Redefining \big on input line 722.
LaTeX Info: Redefining \Big on input line 723.
LaTeX Info: Redefining \bigg on input line 724.
LaTeX Info: Redefining \Bigg on input line 725.
\big@size=\dimen158
LaTeX Font Info:    Redeclaring font encoding OML on input line 743.
LaTeX Font Info:    Redeclaring font encoding OMS on input line 744.
\macc@depth=\count267
LaTeX Info: Redefining \bmod on input line 905.
LaTeX Info: Redefining \pmod on input line 910.
LaTeX Info: Redefining \smash on input line 940.
LaTeX Info: Redefining \relbar on input line 970.
LaTeX Info: Redefining \Relbar on input line 971.
\c@MaxMatrixCols=\count268
\dotsspace@=\muskip16
\c@parentequation=\count269
\dspbrk@lvl=\count270
\tag@help=\toks23
\row@=\count271
\column@=\count272
\maxfields@=\count273
\andhelp@=\toks24
\eqnshift@=\dimen159
\alignsep@=\dimen160
\tagshift@=\dimen161
\tagwidth@=\dimen162
\totwidth@=\dimen163
\lineht@=\dimen164
\@envbody=\toks25
\multlinegap=\skip53
\multlinetaggap=\skip54
\mathdisplay@stack=\toks26
LaTeX Info: Redefining \[ on input line 2953.
LaTeX Info: Redefining \] on input line 2954.
) (d:/texlive/2023/texmf-dist/tex/latex/amscls/amsthm.sty
Package: amsthm 2020/05/29 v2.20.6
\thm@style=\toks27
\thm@bodyfont=\toks28
\thm@headfont=\toks29
\thm@notefont=\toks30
\thm@headpunct=\toks31
\thm@preskip=\skip55
\thm@postskip=\skip56
\thm@headsep=\skip57
\dth@everypar=\toks32
) (d:/texlive/2023/texmf-dist/tex/latex/amsfonts/amsfonts.sty
Package: amsfonts 2013/01/14 v3.01 Basic AMSFonts support
\symAMSa=\mathgroup4
\symAMSb=\mathgroup5
LaTeX Font Info:    Redeclaring math symbol \hbar on input line 98.
LaTeX Font Info:    Overwriting math alphabet `\mathfrak' in version `bold'
(Font)                  U/euf/m/n --> U/euf/b/n on input line 106.
) (d:/texlive/2023/texmf-dist/tex/latex/amsfonts/amssymb.sty
Package: amssymb 2013/01/14 v3.01 AMS font symbols
) (d:/texlive/2023/texmf-dist/tex/latex/tools/bm.sty
Package: bm 2022/01/05 v1.2f Bold Symbol Support (DPC/FMi)
\symboldoperators=\mathgroup6
\symboldletters=\mathgroup7
\symboldsymbols=\mathgroup8
Package bm Info: No bold for \OMX/cmex/m/n, using \pmb.
Package bm Info: No bold for \U/msa/m/n, using \pmb.
Package bm Info: No bold for \U/msb/m/n, using \pmb.
LaTeX Font Info:    Redeclaring math alphabet \mathbf on input line 149.
) (d:/texlive/2023/texmf-dist/tex/latex/jknapltx/mathrsfs.sty
Package: mathrsfs 1996/01/01 Math RSFS package v1.0 (jk)
\symrsfs=\mathgroup9
) (d:/texlive/2023/texmf-dist/tex/latex/was/upgreek.sty
Package: upgreek 2003/02/12 v2.0 (WaS)
Package upgreek Info: Using Euler Roman for upright Greek on input line 31.
\symugrf@m=\mathgroup10
LaTeX Font Info:    Overwriting symbol font `ugrf@m' in version `bold'
(Font)                  U/eur/m/n --> U/eur/b/n on input line 38.
) (d:/texlive/2023/texmf-dist/tex/latex/psnfss/times.sty
Package: times 2020/03/25 PSNFSS-v9.3 (SPQR) 
) (d:/texlive/2023/texmf-dist/tex/latex/tools/indentfirst.sty
Package: indentfirst 1995/11/23 v1.03 Indent first paragraph (DPC)
) (d:/texlive/2023/texmf-dist/tex/latex/multirow/multirow.sty
Package: multirow 2021/03/15 v2.8 Span multiple rows of a table
\multirow@colwidth=\skip58
\multirow@cntb=\count274
\multirow@dima=\skip59
\bigstrutjot=\dimen165
) (d:/texlive/2023/texmf-dist/tex/latex/fancyhdr/fancyhdr.sty
Package: fancyhdr 2022/11/09 v4.1 Extensive control of page headers and footers
\f@nch@headwidth=\skip60
\f@nch@O@elh=\skip61
\f@nch@O@erh=\skip62
\f@nch@O@olh=\skip63
\f@nch@O@orh=\skip64
\f@nch@O@elf=\skip65
\f@nch@O@erf=\skip66
\f@nch@O@olf=\skip67
\f@nch@O@orf=\skip68
)
Document Class: BJTU-thesis 
(d:/texlive/2023/texmf-dist/tex/latex/ctex/ctexbook.cls (d:/texlive/2023/texmf-dist/tex/latex/ctex/config/ctexbackend.cfg
File: ctexbackend.cfg 2022/07/14 v2.5.10 Backend configuration file (CTEX)
) (d:/texlive/2023/texmf-dist/tex/latex/l3kernel/expl3.sty
Package: expl3 2023-02-22 L3 programming layer (loader) 
 (d:/texlive/2023/texmf-dist/tex/latex/l3backend/l3backend-pdftex.def
File: l3backend-pdftex.def 2023-01-16 L3 backend support: PDF output (pdfTeX)
\l__color_backend_stack_int=\count275
\l__pdf_internal_box=\box57
))
Document Class: ctexbook 2022/07/14 v2.5.10 Chinese adapter for class book (CTEX)
(d:/texlive/2023/texmf-dist/tex/latex/ctex/ctexhook.sty
Package: ctexhook 2022/07/14 v2.5.10 Document and package hooks (CTEX)
) (d:/texlive/2023/texmf-dist/tex/latex/ctex/ctexpatch.sty
Package: ctexpatch 2022/07/14 v2.5.10 Patching commands (CTEX)
) (d:/texlive/2023/texmf-dist/tex/latex/base/fix-cm.sty
Package: fix-cm 2020/11/24 v1.1t fixes to LaTeX
 (d:/texlive/2023/texmf-dist/tex/latex/base/ts1enc.def
File: ts1enc.def 2001/06/05 v3.0e (jk/car/fm) Standard LaTeX file
LaTeX Font Info:    Redeclaring font encoding TS1 on input line 47.
))
\l__ctex_tmp_int=\count276
\l__ctex_tmp_box=\box58
\l__ctex_tmp_dim=\dimen166
\g__ctex_section_depth_int=\count277
\g__ctex_font_size_int=\count278
 (d:/texlive/2023/texmf-dist/tex/latex/ctex/config/ctexopts.cfg
File: ctexopts.cfg 2022/07/14 v2.5.10 Option configuration file (CTEX)
) (d:/texlive/2023/texmf-dist/tex/latex/base/book.cls
Document Class: book 2022/07/02 v1.4n Standard LaTeX document class
(d:/texlive/2023/texmf-dist/tex/latex/base/bk12.clo
File: bk12.clo 2022/07/02 v1.4n Standard LaTeX file (size option)
)
\c@part=\count279
\c@chapter=\count280
\c@section=\count281
\c@subsection=\count282
\c@subsubsection=\count283
\c@paragraph=\count284
\c@subparagraph=\count285
\c@figure=\count286
\c@table=\count287
\abovecaptionskip=\skip69
\belowcaptionskip=\skip70
\bibindent=\dimen167
) (d:/texlive/2023/texmf-dist/tex/latex/ctex/engine/ctex-engine-pdftex.def
File: ctex-engine-pdftex.def 2022/07/14 v2.5.10 (pdf)LaTeX adapter (CTEX)
 (d:/texlive/2023/texmf-dist/tex/latex/cjk/texinput/CJKutf8.sty
Package: CJKutf8 2021/10/16 4.8.5
 (d:/texlive/2023/texmf-dist/tex/generic/iftex/ifpdf.sty
Package: ifpdf 2019/10/25 v3.4 ifpdf legacy package. Use iftex instead.
 (d:/texlive/2023/texmf-dist/tex/generic/iftex/iftex.sty
Package: iftex 2022/02/03 v1.0f TeX engine tests
)) (d:/texlive/2023/texmf-dist/tex/latex/base/inputenc.sty
Package: inputenc 2021/02/14 v1.3d Input encoding file
\inpenc@prehook=\toks33
\inpenc@posthook=\toks34
) (d:/texlive/2023/texmf-dist/tex/latex/cjk/texinput/CJK.sty
Package: CJK 2021/10/16 4.8.5
 (d:/texlive/2023/texmf-dist/tex/latex/cjk/texinput/mule/MULEenc.sty
Package: MULEenc 2021/10/16 4.8.5
) (d:/texlive/2023/texmf-dist/tex/latex/cjk/texinput/CJK.enc
File: CJK.enc 2021/10/16 4.8.5
Now handling font encoding C00 ...
... no UTF-8 mapping file for font encoding C00
Now handling font encoding C05 ...
... no UTF-8 mapping file for font encoding C05
Now handling font encoding C09 ...
... no UTF-8 mapping file for font encoding C09
Now handling font encoding C10 ...
... no UTF-8 mapping file for font encoding C10
Now handling font encoding C20 ...
... no UTF-8 mapping file for font encoding C20
Now handling font encoding C19 ...
... no UTF-8 mapping file for font encoding C19
Now handling font encoding C40 ...
... no UTF-8 mapping file for font encoding C40
Now handling font encoding C42 ...
... no UTF-8 mapping file for font encoding C42
Now handling font encoding C43 ...
... no UTF-8 mapping file for font encoding C43
Now handling font encoding C50 ...
... no UTF-8 mapping file for font encoding C50
Now handling font encoding C52 ...
... no UTF-8 mapping file for font encoding C52
Now handling font encoding C49 ...
... no UTF-8 mapping file for font encoding C49
Now handling font encoding C60 ...
... no UTF-8 mapping file for font encoding C60
Now handling font encoding C61 ...
... no UTF-8 mapping file for font encoding C61
Now handling font encoding C63 ...
... no UTF-8 mapping file for font encoding C63
Now handling font encoding C64 ...
... no UTF-8 mapping file for font encoding C64
Now handling font encoding C65 ...
... no UTF-8 mapping file for font encoding C65
Now handling font encoding C70 ...
... no UTF-8 mapping file for font encoding C70
Now handling font encoding C31 ...
... no UTF-8 mapping file for font encoding C31
Now handling font encoding C32 ...
... no UTF-8 mapping file for font encoding C32
Now handling font encoding C33 ...
... no UTF-8 mapping file for font encoding C33
Now handling font encoding C34 ...
... no UTF-8 mapping file for font encoding C34
Now handling font encoding C35 ...
... no UTF-8 mapping file for font encoding C35
Now handling font encoding C36 ...
... no UTF-8 mapping file for font encoding C36
Now handling font encoding C37 ...
... no UTF-8 mapping file for font encoding C37
Now handling font encoding C80 ...
... no UTF-8 mapping file for font encoding C80
Now handling font encoding C81 ...
... no UTF-8 mapping file for font encoding C81
Now handling font encoding C01 ...
... no UTF-8 mapping file for font encoding C01
Now handling font encoding C11 ...
... no UTF-8 mapping file for font encoding C11
Now handling font encoding C21 ...
... no UTF-8 mapping file for font encoding C21
Now handling font encoding C41 ...
... no UTF-8 mapping file for font encoding C41
Now handling font encoding C62 ...
... no UTF-8 mapping file for font encoding C62
)
\CJK@indent=\box59
) (d:/texlive/2023/texmf-dist/tex/latex/base/fontenc.sty
Package: fontenc 2021/04/29 v2.0v Standard LaTeX package
LaTeX Font Info:    Trying to load font information for OT1+ptm on input line 112.
 (d:/texlive/2023/texmf-dist/tex/latex/psnfss/ot1ptm.fd
File: ot1ptm.fd 2001/06/04 font definitions for OT1/ptm.
))) (d:/texlive/2023/texmf-dist/tex/latex/cjkpunct/CJKpunct.sty
Package: CJKpunct 2016/05/14 4.8.4
\CJKpunct@cnta=\count288
\CJKpunct@cntb=\count289
\CJKpunct@cntc=\count290
\CJKpunct@cntd=\count291
\CJKpunct@cnte=\count292
   defining Unicode char U+2018 (decimal 8216)
   defining Unicode char U+2019 (decimal 8217)
   defining Unicode char U+201C (decimal 8220)
   defining Unicode char U+201D (decimal 8221)
   defining Unicode char U+2014 (decimal 8212)
   defining Unicode char U+2026 (decimal 8230)
 (d:/texlive/2023/texmf-dist/tex/latex/cjkpunct/CJKpunct.spa)) (d:/texlive/2023/texmf-dist/tex/latex/cjk/texinput/CJKspace.sty
Package: CJKspace 2021/10/16 3.8.0
) (d:/texlive/2023/texmf-dist/tex/latex/cjk/texinput/UTF8/UTF8.bdg
File: UTF8.bdg 2021/10/16 4.8.5
) (d:/texlive/2023/texmf-dist/tex/latex/ctex/ctexspa.def
File: ctexspa.def 2022/07/14 v2.5.10 Space info for CJKpunct (CTEX)
)
\ccwd=\dimen168
\l__ctex_ccglue_skip=\skip71
)
\l__ctex_ziju_dim=\dimen169
 (d:/texlive/2023/texmf-dist/tex/latex/zhnumber/zhnumber.sty
Package: zhnumber 2022/07/14 v3.0 Typesetting numbers with Chinese glyphs
\l__zhnum_scale_int=\count293
\l__zhnum_tmp_int=\count294
 (d:/texlive/2023/texmf-dist/tex/latex/zhnumber/zhnumber-utf8.cfg
File: zhnumber-utf8.cfg 2022/07/14 v3.0 Chinese numerals with UTF8 encoding
))
\l__ctex_heading_skip=\skip72
 (d:/texlive/2023/texmf-dist/tex/latex/ctex/scheme/ctex-scheme-chinese-book.def
File: ctex-scheme-chinese-book.def 2022/07/14 v2.5.10 Chinese scheme for book (CTEX)
 (d:/texlive/2023/texmf-dist/tex/latex/ctex/config/ctex-name-utf8.cfg
File: ctex-name-utf8.cfg 2022/07/14 v2.5.10 Caption with encoding UTF-8 (CTEX)
)) (d:/texlive/2023/texmf-dist/tex/latex/ctex/ctex-cs4size.clo
File: ctex-cs4size.clo 2022/07/14 v2.5.10 cs4size option (CTEX)
) (d:/texlive/2023/texmf-dist/tex/latex/ctex/fontset/ctex-fontset-windows.def
File: ctex-fontset-windows.def 2022/07/14 v2.5.10 Windows fonts definition (CTEX)
)) (d:/texlive/2023/texmf-dist/tex/latex/ctex/config/ctex.cfg
File: ctex.cfg 2022/07/14 v2.5.10 Configuration file (CTEX)
) (d:/texlive/2023/texmf-dist/tex/latex/geometry/geometry.sty
Package: geometry 2020/01/02 v5.9 Page Geometry
 (d:/texlive/2023/texmf-dist/tex/generic/iftex/ifvtex.sty
Package: ifvtex 2019/10/25 v1.7 ifvtex legacy package. Use iftex instead.
)
\Gm@cnth=\count295
\Gm@cntv=\count296
\c@Gm@tempcnt=\count297
\Gm@bindingoffset=\dimen170
\Gm@wd@mp=\dimen171
\Gm@odd@mp=\dimen172
\Gm@even@mp=\dimen173
\Gm@layoutwidth=\dimen174
\Gm@layoutheight=\dimen175
\Gm@layouthoffset=\dimen176
\Gm@layoutvoffset=\dimen177
\Gm@dimlist=\toks35
) (d:/texlive/2023/texmf-dist/tex/latex/hyperref/hyperref.sty
Package: hyperref 2023-02-07 v7.00v Hypertext links for LaTeX
 (d:/texlive/2023/texmf-dist/tex/generic/ltxcmds/ltxcmds.sty
Package: ltxcmds 2020-05-10 v1.25 LaTeX kernel commands for general use (HO)
) (d:/texlive/2023/texmf-dist/tex/generic/pdftexcmds/pdftexcmds.sty
Package: pdftexcmds 2020-06-27 v0.33 Utility functions of pdfTeX for LuaTeX (HO)
 (d:/texlive/2023/texmf-dist/tex/generic/infwarerr/infwarerr.sty
Package: infwarerr 2019/12/03 v1.5 Providing info/warning/error messages (HO)
)
Package pdftexcmds Info: \pdf@primitive is available.
Package pdftexcmds Info: \pdf@ifprimitive is available.
Package pdftexcmds Info: \pdfdraftmode found.
) (d:/texlive/2023/texmf-dist/tex/latex/kvsetkeys/kvsetkeys.sty
Package: kvsetkeys 2022-10-05 v1.19 Key value parser (HO)
) (d:/texlive/2023/texmf-dist/tex/generic/kvdefinekeys/kvdefinekeys.sty
Package: kvdefinekeys 2019-12-19 v1.6 Define keys (HO)
) (d:/texlive/2023/texmf-dist/tex/generic/pdfescape/pdfescape.sty
Package: pdfescape 2019/12/09 v1.15 Implements pdfTeX's escape features (HO)
) (d:/texlive/2023/texmf-dist/tex/latex/hycolor/hycolor.sty
Package: hycolor 2020-01-27 v1.10 Color options for hyperref/bookmark (HO)
) (d:/texlive/2023/texmf-dist/tex/latex/letltxmacro/letltxmacro.sty
Package: letltxmacro 2019/12/03 v1.6 Let assignment for LaTeX macros (HO)
) (d:/texlive/2023/texmf-dist/tex/latex/auxhook/auxhook.sty
Package: auxhook 2019-12-17 v1.6 Hooks for auxiliary files (HO)
) (d:/texlive/2023/texmf-dist/tex/latex/hyperref/nameref.sty
Package: nameref 2022-05-17 v2.50 Cross-referencing by name of section
 (d:/texlive/2023/texmf-dist/tex/latex/refcount/refcount.sty
Package: refcount 2019/12/15 v3.6 Data extraction from label references (HO)
) (d:/texlive/2023/texmf-dist/tex/generic/gettitlestring/gettitlestring.sty
Package: gettitlestring 2019/12/15 v1.6 Cleanup title references (HO)
 (d:/texlive/2023/texmf-dist/tex/latex/kvoptions/kvoptions.sty
Package: kvoptions 2022-06-15 v3.15 Key value format for package options (HO)
))
\c@section@level=\count298
)
\@linkdim=\dimen178
\Hy@linkcounter=\count299
\Hy@pagecounter=\count300
 (d:/texlive/2023/texmf-dist/tex/latex/hyperref/pd1enc.def
File: pd1enc.def 2023-02-07 v7.00v Hyperref: PDFDocEncoding definition (HO)
Now handling font encoding PD1 ...
... no UTF-8 mapping file for font encoding PD1
) (d:/texlive/2023/texmf-dist/tex/generic/intcalc/intcalc.sty
Package: intcalc 2019/12/15 v1.3 Expandable calculations with integers (HO)
) (d:/texlive/2023/texmf-dist/tex/generic/etexcmds/etexcmds.sty
Package: etexcmds 2019/12/15 v1.7 Avoid name clashes with e-TeX commands (HO)
)
\Hy@SavedSpaceFactor=\count301
 (d:/texlive/2023/texmf-dist/tex/latex/hyperref/puenc.def
File: puenc.def 2023-02-07 v7.00v Hyperref: PDF Unicode definition (HO)
Now handling font encoding PU ...
... no UTF-8 mapping file for font encoding PU
)
Package hyperref Info: Option `unicode' set `true' on input line 4060.
Package hyperref Info: Option `unicode' set `true' on input line 4060.
Package hyperref Info: Hyper figures OFF on input line 4177.
Package hyperref Info: Link nesting OFF on input line 4182.
Package hyperref Info: Hyper index ON on input line 4185.
Package hyperref Info: Plain pages OFF on input line 4192.
Package hyperref Info: Backreferencing OFF on input line 4197.
Package hyperref Info: Implicit mode ON; LaTeX internals redefined.
Package hyperref Info: Bookmarks ON on input line 4425.
\c@Hy@tempcnt=\count302
 (d:/texlive/2023/texmf-dist/tex/latex/url/url.sty
\Urlmuskip=\muskip17
Package: url 2013/09/16  ver 3.4  Verb mode for urls, etc.
)
LaTeX Info: Redefining \url on input line 4763.
\XeTeXLinkMargin=\dimen179
 (d:/texlive/2023/texmf-dist/tex/generic/bitset/bitset.sty
Package: bitset 2019/12/09 v1.3 Handle bit-vector datatype (HO)
 (d:/texlive/2023/texmf-dist/tex/generic/bigintcalc/bigintcalc.sty
Package: bigintcalc 2019/12/15 v1.5 Expandable calculations on big integers (HO)
))
\Fld@menulength=\count303
\Field@Width=\dimen180
\Fld@charsize=\dimen181
Package hyperref Info: Hyper figures OFF on input line 6042.
Package hyperref Info: Link nesting OFF on input line 6047.
Package hyperref Info: Hyper index ON on input line 6050.
Package hyperref Info: backreferencing OFF on input line 6057.
Package hyperref Info: Link coloring OFF on input line 6062.
Package hyperref Info: Link coloring with OCG OFF on input line 6067.
Package hyperref Info: PDF/A mode OFF on input line 6072.
 (d:/texlive/2023/texmf-dist/tex/latex/base/atbegshi-ltx.sty
Package: atbegshi-ltx 2021/01/10 v1.0c Emulation of the original atbegshi
package with kernel methods
)
\Hy@abspage=\count304
\c@Item=\count305
\c@Hfootnote=\count306
)
Package hyperref Info: Driver: hpdftex.
 (d:/texlive/2023/texmf-dist/tex/latex/hyperref/hpdftex.def
File: hpdftex.def 2023-02-07 v7.00v Hyperref driver for pdfTeX
 (d:/texlive/2023/texmf-dist/tex/latex/base/atveryend-ltx.sty
Package: atveryend-ltx 2020/08/19 v1.0a Emulation of the original atveryend package
with kernel methods
)
\Fld@listcount=\count307
\c@bookmark@seq@number=\count308
 (d:/texlive/2023/texmf-dist/tex/latex/rerunfilecheck/rerunfilecheck.sty
Package: rerunfilecheck 2022-07-10 v1.10 Rerun checks for auxiliary files (HO)
 (d:/texlive/2023/texmf-dist/tex/generic/uniquecounter/uniquecounter.sty
Package: uniquecounter 2019/12/15 v1.4 Provide unlimited unique counter (HO)
)
Package uniquecounter Info: New unique counter `rerunfilecheck' on input line 285.
)
\Hy@SectionHShift=\skip73
)
Package hyperref Info: Option `bookmarksnumbered' set `true' on input line 300.
Package hyperref Info: Option `colorlinks' set `true' on input line 300.
Package hyperref Info: Option `plainpages' set `false' on input line 300.
 (d:/texlive/2023/texmf-dist/tex/latex/titlesec/titletoc.sty
Package: titletoc 2021/07/05 v2.14 TOC entries
\ttl@leftsep=\dimen182
) (d:/texlive/2023/texmf-dist/tex/latex/graphics/graphicx.sty
Package: graphicx 2021/09/16 v1.2d Enhanced LaTeX Graphics (DPC,SPQR)
 (d:/texlive/2023/texmf-dist/tex/latex/graphics/graphics.sty
Package: graphics 2022/03/10 v1.4e Standard LaTeX Graphics (DPC,SPQR)
 (d:/texlive/2023/texmf-dist/tex/latex/graphics/trig.sty
Package: trig 2021/08/11 v1.11 sin cos tan (DPC)
) (d:/texlive/2023/texmf-dist/tex/latex/graphics-cfg/graphics.cfg
File: graphics.cfg 2016/06/04 v1.11 sample graphics configuration
)
Package graphics Info: Driver file: pdftex.def on input line 107.
 (d:/texlive/2023/texmf-dist/tex/latex/graphics-def/pdftex.def
File: pdftex.def 2022/09/22 v1.2b Graphics/color driver for pdftex
))
\Gin@req@height=\dimen183
\Gin@req@width=\dimen184
) (d:/texlive/2023/texmf-dist/tex/latex/subfigure/subfigure.sty
Package: subfigure 2002/03/15 v2.1.5 subfigure package
\subfigtopskip=\skip74
\subfigcapskip=\skip75
\subfigcaptopadj=\dimen185
\subfigbottomskip=\skip76
\subfigcapmargin=\dimen186
\subfiglabelskip=\skip77
\c@subfigure=\count309
\c@lofdepth=\count310
\c@subtable=\count311
\c@lotdepth=\count312

****************************************
* Local config file subfigure.cfg used *
****************************************
(d:/texlive/2023/texmf-dist/tex/latex/subfigure/subfigure.cfg)
\subfig@top=\skip78
\subfig@bottom=\skip79
) (d:/texlive/2023/texmf-dist/tex/latex/wrapfig/wrapfig.sty
\wrapoverhang=\dimen187
\WF@size=\dimen188
\c@WF@wrappedlines=\count313
\WF@box=\box60
\WF@everypar=\toks36
Package: wrapfig 2003/01/31  v 3.6
) (d:/texlive/2023/texmf-dist/tex/latex/caption/caption.sty
Package: caption 2023/03/12 v3.6j Customizing captions (AR)
 (d:/texlive/2023/texmf-dist/tex/latex/caption/caption3.sty
Package: caption3 2023/03/12 v2.4 caption3 kernel (AR)
\caption@tempdima=\dimen189
\captionmargin=\dimen190
\caption@leftmargin=\dimen191
\caption@rightmargin=\dimen192
\caption@width=\dimen193
\caption@indent=\dimen194
\caption@parindent=\dimen195
\caption@hangindent=\dimen196
Package caption Info: Standard document class detected.
)
\c@caption@flags=\count314
\c@continuedfloat=\count315
Package caption Info: float package is loaded.
Package caption Info: hyperref package is loaded.
Package caption Info: subfigure package is loaded.
Package caption Info: wrapfig package is loaded.
) (d:/texlive/2023/texmf-dist/tex/latex/natbib/natbib.sty
Package: natbib 2010/09/13 8.31b (PWD, AO)
\bibhang=\skip80
\bibsep=\skip81
LaTeX Info: Redefining \cite on input line 694.
\c@NAT@ctr=\count316
) (d:/texlive/2023/texmf-dist/tex/latex/xcolor/xcolor.sty
Package: xcolor 2022/06/12 v2.14 LaTeX color extensions (UK)
 (d:/texlive/2023/texmf-dist/tex/latex/graphics-cfg/color.cfg
File: color.cfg 2016/01/02 v1.6 sample color configuration
)
Package xcolor Info: Driver file: pdftex.def on input line 227.
 (d:/texlive/2023/texmf-dist/tex/latex/graphics/mathcolor.ltx)
Package xcolor Info: Model `cmy' substituted by `cmy0' on input line 1353.
Package xcolor Info: Model `hsb' substituted by `rgb' on input line 1357.
Package xcolor Info: Model `RGB' extended on input line 1369.
Package xcolor Info: Model `HTML' substituted by `rgb' on input line 1371.
Package xcolor Info: Model `Hsb' substituted by `hsb' on input line 1372.
Package xcolor Info: Model `tHsb' substituted by `hsb' on input line 1373.
Package xcolor Info: Model `HSB' substituted by `hsb' on input line 1374.
Package xcolor Info: Model `Gray' substituted by `gray' on input line 1375.
Package xcolor Info: Model `wave' substituted by `hsb' on input line 1376.
) (d:/texlive/2023/texmf-dist/tex/latex/listings/listings.sty
\lst@mode=\count317
\lst@gtempboxa=\box61
\lst@token=\toks37
\lst@length=\count318
\lst@currlwidth=\dimen197
\lst@column=\count319
\lst@pos=\count320
\lst@lostspace=\dimen198
\lst@width=\dimen199
\lst@newlines=\count321
\lst@lineno=\count322
\lst@maxwidth=\dimen256
 (d:/texlive/2023/texmf-dist/tex/latex/listings/lstmisc.sty
File: lstmisc.sty 2023/02/27 1.9 (Carsten Heinz)
\c@lstnumber=\count323
\lst@skipnumbers=\count324
\lst@framebox=\box62
) (d:/texlive/2023/texmf-dist/tex/latex/listings/listings.cfg
File: listings.cfg 2023/02/27 1.9 listings configuration
))
Package: listings 2023/02/27 1.9 (Carsten Heinz)
 (d:/texlive/2023/texmf-dist/tex/latex/enumitem/enumitem.sty
Package: enumitem 2019/06/20 v3.9 Customized lists
\labelindent=\skip82
\enit@outerparindent=\dimen257
\enit@toks=\toks38
\enit@inbox=\box63
\enit@count@id=\count325
\enitdp@description=\count326
)) (d:/texlive/2023/texmf-dist/tex/latex/base/fontenc.sty
Package: fontenc 2021/04/29 v2.0v Standard LaTeX package
LaTeX Font Info:    Trying to load font information for T1+ptm on input line 112.
 (d:/texlive/2023/texmf-dist/tex/latex/psnfss/t1ptm.fd
File: t1ptm.fd 2001/06/04 font definitions for T1/ptm.
)) (d:/texlive/2023/texmf-dist/tex/latex/psnfss/mathptmx.sty
Package: mathptmx 2020/03/25 PSNFSS-v9.3 Times w/ Math, improved (SPQR, WaS) 
LaTeX Font Info:    Redeclaring symbol font `operators' on input line 28.
LaTeX Font Info:    Overwriting symbol font `operators' in version `normal'
(Font)                  OT1/cmr/m/n --> OT1/ztmcm/m/n on input line 28.
LaTeX Font Info:    Overwriting symbol font `operators' in version `bold'
(Font)                  OT1/cmr/bx/n --> OT1/ztmcm/m/n on input line 28.
LaTeX Font Info:    Redeclaring symbol font `letters' on input line 29.
LaTeX Font Info:    Overwriting symbol font `letters' in version `normal'
(Font)                  OML/cmm/m/it --> OML/ztmcm/m/it on input line 29.
LaTeX Font Info:    Overwriting symbol font `letters' in version `bold'
(Font)                  OML/cmm/b/it --> OML/ztmcm/m/it on input line 29.
LaTeX Font Info:    Redeclaring symbol font `symbols' on input line 30.
LaTeX Font Info:    Overwriting symbol font `symbols' in version `normal'
(Font)                  OMS/cmsy/m/n --> OMS/ztmcm/m/n on input line 30.
LaTeX Font Info:    Overwriting symbol font `symbols' in version `bold'
(Font)                  OMS/cmsy/b/n --> OMS/ztmcm/m/n on input line 30.
LaTeX Font Info:    Redeclaring symbol font `largesymbols' on input line 31.
LaTeX Font Info:    Overwriting symbol font `largesymbols' in version `normal'
(Font)                  OMX/cmex/m/n --> OMX/ztmcm/m/n on input line 31.
LaTeX Font Info:    Overwriting symbol font `largesymbols' in version `bold'
(Font)                  OMX/cmex/m/n --> OMX/ztmcm/m/n on input line 31.
\symbold=\mathgroup11
\symitalic=\mathgroup12
LaTeX Font Info:    Redeclaring math alphabet \mathbf on input line 34.
LaTeX Font Info:    Redeclaring math alphabet \mathit on input line 35.
LaTeX Font Info:    Overwriting math alphabet `\mathit' in version `normal'
(Font)                  OT1/cmr/m/it --> OT1/ptm/m/it on input line 35.
LaTeX Font Info:    Overwriting math alphabet `\mathit' in version `bold'
(Font)                  OT1/cmr/bx/it --> OT1/ptm/m/it on input line 35.
LaTeX Info: Redefining \hbar on input line 50.
) (d:/texlive/2023/texmf-dist/tex/latex/cjk/texinput/UTF8/UTF8.enc
File: UTF8.enc 2021/10/16 4.8.5
) (d:/texlive/2023/texmf-dist/tex/latex/cjk/texinput/UTF8/UTF8.chr
File: UTF8.chr 2021/10/16 4.8.5
) (./demo.aux)
\openout1 = `demo.aux'.

LaTeX Font Info:    Checking defaults for OML/cmm/m/it on input line 23.
LaTeX Font Info:    ... okay on input line 23.
LaTeX Font Info:    Checking defaults for OMS/cmsy/m/n on input line 23.
LaTeX Font Info:    ... okay on input line 23.
LaTeX Font Info:    Checking defaults for OT1/cmr/m/n on input line 23.
LaTeX Font Info:    ... okay on input line 23.
LaTeX Font Info:    Checking defaults for T1/cmr/m/n on input line 23.
LaTeX Font Info:    ... okay on input line 23.
LaTeX Font Info:    Checking defaults for TS1/cmr/m/n on input line 23.
LaTeX Font Info:    ... okay on input line 23.
LaTeX Font Info:    Checking defaults for OMX/cmex/m/n on input line 23.
LaTeX Font Info:    ... okay on input line 23.
LaTeX Font Info:    Checking defaults for U/cmr/m/n on input line 23.
LaTeX Font Info:    ... okay on input line 23.
LaTeX Font Info:    Checking defaults for C00/song/m/n on input line 23.
LaTeX Font Info:    ... okay on input line 23.
LaTeX Font Info:    Checking defaults for C05/song/m/n on input line 23.
LaTeX Font Info:    ... okay on input line 23.
LaTeX Font Info:    Checking defaults for C09/song/m/n on input line 23.
LaTeX Font Info:    ... okay on input line 23.
LaTeX Font Info:    Checking defaults for C10/song/m/n on input line 23.
LaTeX Font Info:    ... okay on input line 23.
LaTeX Font Info:    Checking defaults for C20/song/m/n on input line 23.
LaTeX Font Info:    ... okay on input line 23.
LaTeX Font Info:    Checking defaults for C19/song/m/n on input line 23.
LaTeX Font Info:    ... okay on input line 23.
LaTeX Font Info:    Checking defaults for C40/song/m/n on input line 23.
LaTeX Font Info:    ... okay on input line 23.
LaTeX Font Info:    Checking defaults for C42/song/m/n on input line 23.
LaTeX Font Info:    ... okay on input line 23.
LaTeX Font Info:    Checking defaults for C43/song/m/n on input line 23.
LaTeX Font Info:    ... okay on input line 23.
LaTeX Font Info:    Checking defaults for C50/song/m/n on input line 23.
LaTeX Font Info:    ... okay on input line 23.
LaTeX Font Info:    Checking defaults for C52/song/m/n on input line 23.
LaTeX Font Info:    ... okay on input line 23.
LaTeX Font Info:    Checking defaults for C49/song/m/n on input line 23.
LaTeX Font Info:    ... okay on input line 23.
LaTeX Font Info:    Checking defaults for C60/mj/m/n on input line 23.
LaTeX Font Info:    ... okay on input line 23.
LaTeX Font Info:    Checking defaults for C61/mj/m/n on input line 23.
LaTeX Font Info:    ... okay on input line 23.
LaTeX Font Info:    Checking defaults for C63/mj/m/n on input line 23.
LaTeX Font Info:    ... okay on input line 23.
LaTeX Font Info:    Checking defaults for C64/mj/m/n on input line 23.
LaTeX Font Info:    ... okay on input line 23.
LaTeX Font Info:    Checking defaults for C65/mj/m/n on input line 23.
LaTeX Font Info:    ... okay on input line 23.
LaTeX Font Info:    Checking defaults for C70/song/m/n on input line 23.
LaTeX Font Info:    ... okay on input line 23.
LaTeX Font Info:    Checking defaults for C31/song/m/n on input line 23.
LaTeX Font Info:    ... okay on input line 23.
LaTeX Font Info:    Checking defaults for C32/song/m/n on input line 23.
LaTeX Font Info:    ... okay on input line 23.
LaTeX Font Info:    Checking defaults for C33/song/m/n on input line 23.
LaTeX Font Info:    ... okay on input line 23.
LaTeX Font Info:    Checking defaults for C34/song/m/n on input line 23.
LaTeX Font Info:    ... okay on input line 23.
LaTeX Font Info:    Checking defaults for C35/song/m/n on input line 23.
LaTeX Font Info:    ... okay on input line 23.
LaTeX Font Info:    Checking defaults for C36/song/m/n on input line 23.
LaTeX Font Info:    ... okay on input line 23.
LaTeX Font Info:    Checking defaults for C37/song/m/n on input line 23.
LaTeX Font Info:    ... okay on input line 23.
LaTeX Font Info:    Checking defaults for C80/song/m/n on input line 23.
LaTeX Font Info:    ... okay on input line 23.
LaTeX Font Info:    Checking defaults for C81/song/m/n on input line 23.
LaTeX Font Info:    ... okay on input line 23.
LaTeX Font Info:    Checking defaults for C01/song/m/n on input line 23.
LaTeX Font Info:    ... okay on input line 23.
LaTeX Font Info:    Checking defaults for C11/song/m/n on input line 23.
LaTeX Font Info:    ... okay on input line 23.
LaTeX Font Info:    Checking defaults for C21/song/m/n on input line 23.
LaTeX Font Info:    ... okay on input line 23.
LaTeX Font Info:    Checking defaults for C41/song/m/n on input line 23.
LaTeX Font Info:    ... okay on input line 23.
LaTeX Font Info:    Checking defaults for C62/song/m/n on input line 23.
LaTeX Font Info:    ... okay on input line 23.
LaTeX Font Info:    Checking defaults for PD1/pdf/m/n on input line 23.
LaTeX Font Info:    ... okay on input line 23.
LaTeX Font Info:    Checking defaults for PU/pdf/m/n on input line 23.
LaTeX Font Info:    ... okay on input line 23.

*geometry* driver: auto-detecting
*geometry* detected driver: pdftex
*geometry* verbose mode - [ preamble ] result:
* driver: pdftex
* paper: <default>
* layout: <same size as paper>
* layoutoffset:(h,v)=(0.0pt,0.0pt)
* bindingoffset: 28.45274pt
* modes: 
* h-part:(L,W,R)=(71.13188pt, 426.79137pt, 71.13188pt)
* v-part:(T,H,B)=(82.51282pt, 691.40215pt, 71.13188pt)
* \paperwidth=597.50787pt
* \paperheight=845.04684pt
* \textwidth=426.79137pt
* \textheight=691.40215pt
* \oddsidemargin=27.31464pt
* \evensidemargin=-1.1381pt
* \topmargin=-60.84601pt
* \headheight=51.21504pt
* \headsep=25.6073pt
* \topskip=12.0pt
* \footskip=22.76228pt
* \marginparwidth=38.0pt
* \marginparsep=7.0pt
* \columnsep=10.0pt
* \skip\footins=10.8pt plus 4.0pt minus 2.0pt
* \hoffset=0.0pt
* \voffset=0.0pt
* \mag=1000
* \@twocolumnfalse
* \@twosidefalse
* \@mparswitchfalse
* \@reversemarginfalse
* (1in=72.27pt=25.4mm, 1cm=28.453pt)

Package hyperref Info: Link coloring ON on input line 23.
\@outlinefile=\write3
\openout3 = `demo.out'.

(d:/texlive/2023/texmf-dist/tex/context/base/mkii/supp-pdf.mkii
[Loading MPS to PDF converter (version 2006.09.02).]
\scratchcounter=\count327
\scratchdimen=\dimen258
\scratchbox=\box64
\nofMPsegments=\count328
\nofMParguments=\count329
\everyMPshowfont=\toks39
\MPscratchCnt=\count330
\MPscratchDim=\dimen259
\MPnumerator=\count331
\makeMPintoPDFobject=\count332
\everyMPtoPDFconversion=\toks40
) (d:/texlive/2023/texmf-dist/tex/latex/epstopdf-pkg/epstopdf-base.sty
Package: epstopdf-base 2020-01-24 v2.11 Base part for package epstopdf
Package epstopdf-base Info: Redefining graphics rule for `.eps' on input line 485.
 (d:/texlive/2023/texmf-dist/tex/latex/latexconfig/epstopdf-sys.cfg
File: epstopdf-sys.cfg 2010/07/13 v1.3 Configuration of (r)epstopdf for TeX Live
))
Package caption Info: Begin \AtBeginDocument code.
Package caption Info: listings package is loaded.
Package caption Info: End \AtBeginDocument code.
\c@lstlisting=\count333
<logo.png, id=4, 306.39468pt x 79.04532pt>
File: logo.png Graphic file (type png)
<use logo.png>
Package pdftex.def Info: logo.png  used on input line 24.
(pdftex.def)             Requested size: 306.39394pt x 79.0451pt.
LaTeX Font Info:    Trying to load font information for C70+zhsong on input line 24.
 (d:/texlive/2023/texmf-dist/tex/latex/zhmetrics/c70zhsong.fd
File: c70zhsong.fd 2009/09/23 4.8.2
)
LaTeX Font Info:    Trying to load font information for OT1+ztmcm on input line 24.
 (d:/texlive/2023/texmf-dist/tex/latex/psnfss/ot1ztmcm.fd
File: ot1ztmcm.fd 2000/01/03 Fontinst v1.801 font definitions for OT1/ztmcm.
)
LaTeX Font Info:    Trying to load font information for OML+ztmcm on input line 24.
 (d:/texlive/2023/texmf-dist/tex/latex/psnfss/omlztmcm.fd
File: omlztmcm.fd 2000/01/03 Fontinst v1.801 font definitions for OML/ztmcm.
)
LaTeX Font Info:    Trying to load font information for OMS+ztmcm on input line 24.
 (d:/texlive/2023/texmf-dist/tex/latex/psnfss/omsztmcm.fd
File: omsztmcm.fd 2000/01/03 Fontinst v1.801 font definitions for OMS/ztmcm.
)
LaTeX Font Info:    Trying to load font information for OMX+ztmcm on input line 24.
 (d:/texlive/2023/texmf-dist/tex/latex/psnfss/omxztmcm.fd
File: omxztmcm.fd 2000/01/03 Fontinst v1.801 font definitions for OMX/ztmcm.
)
LaTeX Font Info:    Trying to load font information for U+rsfs on input line 24.
 (d:/texlive/2023/texmf-dist/tex/latex/jknapltx/ursfs.fd
File: ursfs.fd 1998/03/24 rsfs font definition file (jk)
)
LaTeX Font Info:    Font shape `OT1/ptm/bx/n' in size <12.045> not available
(Font)              Font shape `OT1/ptm/b/n' tried instead on input line 24.
LaTeX Font Info:    Font shape `OT1/ptm/bx/n' in size <8> not available
(Font)              Font shape `OT1/ptm/b/n' tried instead on input line 24.
LaTeX Font Info:    Font shape `OT1/ptm/bx/n' in size <6> not available
(Font)              Font shape `OT1/ptm/b/n' tried instead on input line 24.
Package CJKpunct Info: use punctuation spaces for family 'zhsong' with punctstyle (quanjiao) on input line 24.
 (d:/texlive/2023/texmf-dist/tex/generic/ctex/zhmap/ctex-zhmap-windows.tex
File: ctex-zhmap-windows.tex 2022/07/14 v2.5.10 Windows font map loader for pdfTeX and DVIPDFMx (CTEX)
{d:/texlive/2023/texmf-var/fonts/map/pdftex/updmap/pdftex.map}{UGBK.sfd}{Unicode.sfd}) [1

{d:/texlive/2023/texmf-dist/fonts/enc/dvips/base/8r.enc} <./logo.png>]
LaTeX Font Info:    Trying to load font information for C70+zhhei on input line 25.
 (d:/texlive/2023/texmf-dist/tex/latex/zhmetrics/c70zhhei.fd
File: c70zhhei.fd 2009/09/23 4.8.2
)
LaTeX Font Info:    Trying to load font information for C70+rm on input line 25.
 (d:/texlive/2023/texmf-dist/tex/latex/ctex/fd/c70rm.fd
File: c70rm.fd 2022/07/14 v2.5.10 Chinese font definition (CTEX)
)
Package CJKpunct Info: use punctuation spaces for family 'rm' with punctstyle (quanjiao) on input line 25.
 [2

]
LaTeX Font Info:    Trying to load font information for C70+zhkai on input line 26.
 (d:/texlive/2023/texmf-dist/tex/latex/zhmetrics/c70zhkai.fd
File: c70zhkai.fd 2009/09/23 4.8.2
)

LaTeX Font Warning: Font shape `U/rsfs/m/n' in size <10.53937> not available
(Font)              size <10.95> substituted on input line 26.


LaTeX Font Warning: Font shape `U/rsfs/m/n' in size <7.52812> not available
(Font)              size <8> substituted on input line 26.

LaTeX Font Info:    Font shape `OT1/ptm/bx/n' in size <14.05249> not available
(Font)              Font shape `OT1/ptm/b/n' tried instead on input line 26.
LaTeX Font Info:    Font shape `OT1/ptm/bx/n' in size <10.53937> not available
(Font)              Font shape `OT1/ptm/b/n' tried instead on input line 26.
LaTeX Font Info:    Font shape `OT1/ptm/bx/n' in size <7.52812> not available
(Font)              Font shape `OT1/ptm/b/n' tried instead on input line 26.
[1]
\openout2 = `chapters/thanks.aux'.

 (./chapters/thanks.tex) [2


]
\openout2 = `chapters/abstract.aux'.

 (./chapters/abstract.tex) [3




]
\openout2 = `chapters/englishabstract.aux'.

 (./chapters/englishabstract.tex) [4




]
\openout2 = `chapters/preface.aux'.

 (./chapters/preface.tex) [5




]
No file demo.toc.
\tf@toc=\write4
\openout4 = `demo.toc'.

[6



]
\openout2 = `chapters/chapter04.aux'.

 (./chapters/chapter04.tex
1

pdfTeX warning (ext4): destination with the same identifier (name{page.1}) has been already used, duplicate ignored
<to be read again> 
                   \relax 
l.12 
      [1


]

LaTeX Warning: Reference `eq:dictionary_learning' on page 2 undefined on input line 20.


LaTeX Warning: Reference `eq:dictionary_learning' on page 2 undefined on input line 22.


LaTeX Warning: Reference `eq:dictionary_learning' on page 2 undefined on input line 22.


LaTeX Warning: Reference `eq:dictionary_learning' on page 2 undefined on input line 29.


LaTeX Warning: Reference `eq:dictionary_learning_4' on page 2 undefined on input line 36.


LaTeX Warning: Reference `eq:dictionary_learning_4' on page 2 undefined on input line 36.


pdfTeX warning (ext4): destination with the same identifier (name{page.2}) has been already used, duplicate ignored
<to be read again> 
                   \relax 
l.38 \begin{equation}
                     \begin{aligned} [2]

LaTeX Warning: Reference `fig:three major privacy guarantees' on page 3 undefined on input line 52.

<figures/chapter4/Comparison of privacy and efficiency of different privacy technologies.jpg, id=257, 185.2521pt x 139.722pt>
File: figures/chapter4/Comparison of privacy and efficiency of different privacy technologies.jpg Graphic file (type jpg)
<use figures/chapter4/Comparison of privacy and efficiency of different privacy technologies.jpg>
Package pdftex.def Info: figures/chapter4/Comparison of privacy and efficiency of different privacy technologies.jpg  used on input line 56.
(pdftex.def)             Requested size: 277.87747pt x 209.58247pt.
[3]
Overfull \hbox (19.58281pt too wide) in paragraph at lines 66--67
[]\C70/rm/m/n/12.045/5d Ó \C70/rm/m/n/12.045/52 ^^F \C70/rm/m/n/12.045/96 ê \C70/rm/m/n/12.045/79 ¡ \C70/rm/m/n/12.045/5b ö \C70/rm/m/n/12.045/4e I|\C70/rm/m/n/12.045/30 ^^B| \C70/rm/m/n/12.045/5b ˘ \C70/rm/m/n/12.045/4e é ^^@ * \C70/rm/m/n/12.045/96 è \C70/rm/m/n/12.045/67 : \C70/rm/m/n/12.045/7b ó \C70/rm/m/n/12.045/6c ’$\OMS/ztmcm/m/n/12.045 M$|\C70/rm/m/n/12.045/ff ^^L| \C70/rm/m/n/12.045/51 v \C70/rm/m/n/12.045/50 < \C70/rm/m/n/12.045/57 ﬂ \C70/rm/m/n/12.045/4e :$\OML/ztmcm/m/it/12.045 Range\OT1/ztmcm/m/n/12.045 (\OMS/ztmcm/m/n/12.045 M\OT1/ztmcm/m/n/12.045 )$|\C70/rm/m/n/12.045/ff ^^L| \C70/rm/m/n/12.045/59 Ç \C70/rm/m/n/12.045/67 ú \C70/rm/m/n/12.045/5b ˘$\OML/ztmcm/m/it/12.045 Range\OT1/ztmcm/m/n/12.045 (\OMS/ztmcm/m/n/12.045 M\OT1/ztmcm/m/n/12.045 )$\C70/rm/m/n/12.045/76 Ñ
 []

<figures/chapter4/dp figure.png, id=267, 919.435pt x 677.53125pt>
File: figures/chapter4/dp figure.png Graphic file (type png)
<use figures/chapter4/dp figure.png>
Package pdftex.def Info: figures/chapter4/dp figure.png  used on input line 70.
(pdftex.def)             Requested size: 919.43275pt x 677.52959pt.

Overfull \hbox (492.64139pt too wide) in paragraph at lines 70--72
 [][] 
 []


LaTeX Warning: Float too large for page by 14.61386pt on input line 74.


LaTeX Warning: Command \textperiodcentered invalid in math mode on input line 76.

LaTeX Font Info:    Trying to load font information for TS1+ptm on input line 76.
(d:/texlive/2023/texmf-dist/tex/latex/psnfss/ts1ptm.fd
File: ts1ptm.fd 2001/06/04 font definitions for TS1/ptm.
)

LaTeX Warning: Command \textperiodcentered invalid in math mode on input line 76.

Missing character: There is no ∑ in font zptmcm7t!

Overfull \hbox (26.33797pt too wide) in paragraph at lines 81--82
\C70/rm/m/n/12.045/4e 
 \C70/rm/m/n/12.045/52 † \C70/rm/m/n/12.045/51 e \C70/rm/m/n/12.045/4e ^^@ * \C70/rm/m/n/12.045/6e · \C70/rm/m/n/12.045/8d ≥ \C70/rm/m/n/12.045/52 ^^F \C70/rm/m/n/12.045/5e ^^C$[][]\OT1/ztmcm/m/n/12.045 0\OML/ztmcm/m/it/12.045 ; [][]$\C70/rm/m/n/12.045/76 Ñ \C70/rm/m/n/12.045/56 j \C70/rm/m/n/12.045/58 |\C70/rm/m/n/12.045/ff ^^L| \C70/rm/m/n/12.045/67 e \C70/rm/m/n/12.045/5b û \C70/rm/m/n/12.045/73 ∞ \C70/rm/m/n/12.045/5d Ó \C70/rm/m/n/12.045/52 ^^F \C70/rm/m/n/12.045/96 ê \C70/rm/m/n/12.045/79 ¡|\C70/rm/m/n/12.045/30 ^^B| \C70/rm/m/n/12.045/51 v \C70/rm/m/n/12.045/4e -$\OML/ztmcm/m/it/12.045 Sensitivity\OT1/ztmcm/m/n/12.045 (\OML/ztmcm/m/it/12.045 f\OT1/ztmcm/m/n/12.045 )$\C70/rm/m/n/12.045/4e :
 []

[4 <./figures/chapter4/Comparison of privacy and efficiency of different privacy technologies.jpg>] [5]
File: figures/chapter4/Comparison of privacy and efficiency of different privacy technologies.jpg Graphic file (type jpg)
<use figures/chapter4/Comparison of privacy and efficiency of different privacy technologies.jpg>
Package pdftex.def Info: figures/chapter4/Comparison of privacy and efficiency of different privacy technologies.jpg  used on input line 103.
(pdftex.def)             Requested size: 92.62582pt x 69.86082pt.

Overfull \hbox (128.16463pt too wide) in paragraph at lines 117--118
\OML/ztmcm/m/it/12.045 f\OT1/ztmcm/m/n/12.045 (\OML/ztmcm/m/it/12.045 x\OT1/ztmcm/m/n/12.045 )$\C70/rm/m/n/12.045/88 h \C70/rm/m/n/12.045/79 : \C70/rm/m/n/12.045/53 ü \C70/rm/m/n/12.045/51 H \C70/rm/m/n/12.045/67 Â \C70/rm/m/n/12.045/8b ‚ \C70/rm/m/n/12.045/51 ˝ \C70/rm/m/n/12.045/65 p \C70/rm/m/n/12.045/8f ‘ \C70/rm/m/n/12.045/56 ﬁ \C70/rm/m/n/12.045/76 Ñ \C70/rm/m/n/12.045/67 Â \C70/rm/m/n/12.045/8b ‚ \C70/rm/m/n/12.045/7e ” \C70/rm/m/n/12.045/67 ú|\C70/rm/m/n/12.045/ff ^^L| $\OML/ztmcm/m/it/12.045 Y$\C70/rm/m/n/12.045/88 h \C70/rm/m/n/12.045/79 : \C70/rm/m/n/12.045/6e · \C70/rm/m/n/12.045/8d ≥ \C70/rm/m/n/12.045/62 … \C70/rm/m/n/12.045/66 n \C70/rm/m/n/12.045/62 … \C70/rm/m/n/12.045/65 Ø \C70/rm/m/n/12.045/52 ^^F \C70/rm/m/n/12.045/5e ^^C \C70/rm/m/n/12.045/76 Ñ \C70/rm/m/n/12.045/56 j \C70/rm/m/n/12.045/58 |\C70/rm/m/n/12.045/ff ^^L| \C70/rm/m/n/12.045/53 s$[][]$|\C70/rm/m/n/12.045/ff ^^L|
 []

<figures/chapter4/chapter4.png, id=285, 863.517pt x 320.616pt>
File: figures/chapter4/chapter4.png Graphic file (type png)
<use figures/chapter4/chapter4.png>
Package pdftex.def Info: figures/chapter4/chapter4.png  used on input line 130.
(pdftex.def)             Requested size: 345.40068pt x 128.24413pt.
[6]
Overfull \hbox (13.0748pt too wide) in paragraph at lines 144--145
[]\C70/rm/m/n/12.045/6b œ \C70/rm/m/n/12.045/4e ^^@ \C70/rm/m/n/12.045/8f n \C70/rm/m/n/12.045/8b ≠ \C70/rm/m/n/12.045/7e √ \C70/rm/m/n/12.045/4e -|\C70/rm/m/n/12.045/ff ^^L| \T1/ptm/m/n/12.045 RSU$\OML/ztmcm/m/it/12.045 i$\C70/rm/m/n/12.045/51 H \C70/rm/m/n/12.045/57 ( \C70/rm/m/n/12.045/4e ^^@ \C70/rm/m/n/12.045/7e ƒ \C70/rm/m/n/12.045/65 p \C70/rm/m/n/12.045/63 n$\OT1/ztmcm/m/n/12.045 (\OML/ztmcm/m/it/12.045 x[]; y[]\OT1/ztmcm/m/n/12.045 )$\C70/rm/m/n/12.045/4e 
 \C70/rm/m/n/12.045/8b ° \C70/rm/m/n/12.045/7b ó$\OMS/ztmcm/m/n/12.045 r[]\OT1/ptm/b/n/12.045 L[]\OT1/ztmcm/m/n/12.045 (\OML/ztmcm/m/it/12.045 h[]\OT1/ztmcm/m/n/12.045 (\OML/ztmcm/m/it/12.045 x[]\OT1/ztmcm/m/n/12.045 )\OML/ztmcm/m/it/12.045 ; y[]\OT1/ztmcm/m/n/12.045 )$|\C70/rm/m/n/12.045/ff ^^L| \C70/rm/m/n/12.045/5c ^^F \C70/rm/m/n/12.045/51 v \C70/rm/m/n/12.045/4f   \C70/rm/m/n/12.045/7e Ÿ\T1/ptm/m/n/12.045 MEC|\C70/rm/m/n/12.045/30 ^^B|
 []


Overfull \hbox (0.79716pt too wide) in paragraph at lines 144--145
\C70/rm/m/n/12.045/4e ^^@ * \C70/rm/m/n/12.045/5b f \C70/rm/m/n/12.045/4e ` \C70/rm/m/n/12.045/73 á|\C70/rm/m/n/12.045/30 ^^B| \C70/rm/m/n/12.045/67 , \C70/rm/m/n/12.045/82 Ç \C70/rm/m/n/12.045/80 ^^C \C70/rm/m/n/12.045/86 Q \C70/rm/m/n/12.045/4e ^^@ \C70/rm/m/n/12.045/79 Õ \C70/rm/m/n/12.045/60 ≈ \C70/rm/m/n/12.045/5f b|\C70/rm/m/n/12.045/ff ^^L| \C70/rm/m/n/12.045/6b œ \C70/rm/m/n/12.045/4e *\T1/ptm/m/n/12.045 RSU\C70/rm/m/n/12.045/4e 
 \C70/rm/m/n/12.045/62 • \C70/rm/m/n/12.045/76 Ñ \C70/rm/m/n/12.045/4e ^^M \C70/rm/m/n/12.045/66 / \C70/rm/m/n/12.045/77 ^^_ \C70/rm/m/n/12.045/5b û \C70/rm/m/n/12.045/76 Ñ \C70/rm/m/n/12.045/68 Ø \C70/rm/m/n/12.045/5e ¶$\OMS/ztmcm/m/n/12.045 r[]\OT1/ptm/b/n/12.045 L[]\OT1/ztmcm/m/n/12.045 (\OML/ztmcm/m/it/12.045 h[]\OT1/ztmcm/m/n/12.045 (\OML/ztmcm/m/it/12.045 x[]\OT1/ztmcm/m/n/12.045 )\OML/ztmcm/m/it/12.045 ; y[]\OT1/ztmcm/m/n/12.045 )$|\C70/rm/m/n/12.045/ff ^^L|
 []

[7]

Package natbib Warning: Citation `Automatic_Transformation_Search_Against_Deep_Leakage_From_Gradients' on page 8 undefined on input line 168.

[8]

Package natbib Warning: Citation `Neural_architecture_search_without_training' on page 9 undefined on input line 186.


Overfull \hbox (5.90479pt too wide) in paragraph at lines 186--187
\C70/rm/m/n/12.045/8b Ù|\C70/rm/m/n/12.045/ff ^^L| \C70/rm/m/n/12.045/51 ∆ \C70/rm/m/n/12.045/59 ^^G \C70/rm/m/n/12.045/4e ^^@ * \C70/rm/m/n/12.045/96 è \C70/rm/m/n/12.045/67 : \C70/rm/m/n/12.045/52 ^^] \C70/rm/m/n/12.045/59 À \C70/rm/m/n/12.045/53 ^^V \C70/rm/m/n/12.045/76 Ñ \C70/rm/m/n/12.045/6a ! \C70/rm/m/n/12.045/57 ã$\OML/ztmcm/m/it/12.045 f$|\C70/rm/m/n/12.045/ff ^^L| \C70/rm/m/n/12.045/4e Â \C70/rm/m/n/12.045/53   \C70/rm/m/n/12.045/75 1 \C70/rm/m/n/12.045/76 Ó \C70/rm/m/n/12.045/68 ^^G \C70/rm/m/n/12.045/7b V \C70/rm/m/n/12.045/75 e \C70/rm/m/n/12.045/8f l \C70/rm/m/n/12.045/63 b \C70/rm/m/n/12.045/76 Ñ \C70/rm/m/n/12.045/4e ^^@ \C70/rm/m/n/12.045/5c ^^O \C70/rm/m/n/12.045/62 y \C70/rm/m/n/12.045/65 p \C70/rm/m/n/12.045/63 n \C70/rm/m/n/12.045/68 7 \C70/rm/m/n/12.045/67 ,$\OMS/ztmcm/m/n/12.045 f[]g[]$|\C70/rm/m/n/12.045/30 ^^B|
 []


Package natbib Warning: Citation `Deep_KSVD_Denoising' on page 9 undefined on input line 193.


LaTeX Warning: Reference `alg:Data sparsity algorithm' on page 9 undefined on input line 193.


Overfull \hbox (1.5502pt too wide) in paragraph at lines 193--194
[]\C70/rm/m/n/12.045/67 , \C70/rm/m/n/12.045/82 Ç \C70/rm/m/n/12.045/91 « \C70/rm/m/n/12.045/75 (\T1/ptm/m/n/12.045 KSVD$[]$\C70/rm/m/n/12.045/67 e \C70/rm/m/n/12.045/5b û \C70/rm/m/n/12.045/73 ∞ \C70/rm/m/n/12.045/8f l \C70/rm/m/n/12.045/63 b \C70/rm/m/n/12.045/51 ˝ \C70/rm/m/n/12.045/65 p$\OML/ztmcm/m/it/12.045 T$|\C70/rm/m/n/12.045/ff ^^L| \C70/rm/m/n/12.045/75 ( \C70/rm/m/n/12.045/4e é \C70/rm/m/n/12.045/51 v \C70/rm/m/n/12.045/66 / \C70/rm/m/n/12.045/4e ^^@ * \C70/rm/m/n/12.045/4f N \C70/rm/m/n/12.045/79 È \C70/rm/m/n/12.045/77 È \C70/rm/m/n/12.045/96 5 \C70/rm/m/n/12.045/52 ^^F \C70/rm/m/n/12.045/89 „ |\C70/rm/m/n/12.045/ff ^^H|\T1/ptm/m/n/12.045 Low-Rank
 []

[9]
Package hyperref Info: bookmark level for unknown algorithm defaults to 0 on input line 196.


Package natbib Warning: Citation `Soteria' on page 10 undefined on input line 221.


Package natbib Warning: Citation `Automatic_Transformation_Search_Against_Deep_Leakage_From_Gradients' on page 10 undefined on input line 221.

[10]

LaTeX Warning: Reference `alg:ImprovedDP-SGD' on page 11 undefined on input line 233.


Package natbib Warning: Citation `cifar10' on page 11 undefined on input line 269.


Package natbib Warning: Citation `cifar10' on page 11 undefined on input line 269.


Package natbib Warning: Citation `Fashion-MNIST' on page 11 undefined on input line 269.


Package natbib Warning: Citation `LFW' on page 11 undefined on input line 269.

[11]

Package natbib Warning: Citation `DLG' on page 12 undefined on input line 273.


Package natbib Warning: Citation `Inverting_Gradients' on page 12 undefined on input line 273.

[12]

LaTeX Warning: Reference `fig:CIFAR10 with ours in DLG' on page 13 undefined on input line 277.


Package natbib Warning: Citation `cifar10' on page 13 undefined on input line 277.


Package natbib Warning: Citation `Fashion-MNIST' on page 13 undefined on input line 277.


Package natbib Warning: Citation `DLG' on page 13 undefined on input line 277.


LaTeX Warning: Reference `fig:Defense strategy comparison experiment' on page 13 undefined on input line 277.


Overfull \hbox (57.63182pt too wide) in paragraph at lines 277--278
[]\C70/rm/m/n/12.045/67 , \C70/rm/m/n/12.045/82 Ç \C70/rm/m/n/12.045/63 – \C70/rm/m/n/12.045/51 ˙ \C70/rm/m/n/12.045/76 Ñ \C70/rm/m/n/12.045/96 2 \C70/rm/m/n/12.045/5f ° \C70/rm/m/n/12.045/65 π \C70/rm/m/n/12.045/6c ’ \C70/rm/m/n/12.045/53 Ô \C70/rm/m/n/12.045/4e Â \C70/rm/m/n/12.045/8f æ \C70/rm/m/n/12.045/52 0 \C70/rm/m/n/12.045/4e ‰ ∫ \C70/rm/m/n/12.045/6e · \C70/rm/m/n/12.045/61 ^^O \C70/rm/m/n/12.045/76 Ñ \C70/rm/m/n/12.045/53 ÿ \C70/rm/m/n/12.045/63 b \C70/rm/m/n/12.045/7b V \C70/rm/m/n/12.045/75 e|\C70/rm/m/n/12.045/30 ^^B| \C70/rm/m/n/12.045/56 ˛[]\C70/rm/m/n/12.045/5c U \C70/rm/m/n/12.045/79 : \C70/rm/m/n/12.045/4e Ü \C70/rm/m/n/12.045/57 ( \T1/ptm/m/n/12.045 CI-FAR10$[]$\C70/rm/m/n/12.045/54 å\T1/ptm/m/n/12.045 Fashion
 []

<figures/chapter4/Comparative experiment of strategy effectiveness.jpg, id=375, 865.707pt x 450.264pt>
File: figures/chapter4/Comparative experiment of strategy effectiveness.jpg Graphic file (type jpg)
<use figures/chapter4/Comparative experiment of strategy effectiveness.jpg>
Package pdftex.def Info: figures/chapter4/Comparative experiment of strategy effectiveness.jpg  used on input line 281.
(pdftex.def)             Requested size: 432.85243pt x 225.13145pt.

Overfull \hbox (6.06107pt too wide) in paragraph at lines 281--283
 [][] 
 []


LaTeX Warning: Reference `fig:Defense strategy comparison experiment' on page 13 undefined on input line 287.


LaTeX Warning: Reference `tab:Defense strategy comparison experiment' on page 13 undefined on input line 287.

<figures/chapter4/contrast experiment.png, id=376, 970.22475pt x 248.72925pt>
File: figures/chapter4/contrast experiment.png Graphic file (type png)
<use figures/chapter4/contrast experiment.png>
Package pdftex.def Info: figures/chapter4/contrast experiment.png  used on input line 291.
(pdftex.def)             Requested size: 426.79137pt x 109.41084pt.

LaTeX Warning: Reference `fig:Defense strategy comparison experiment' on page 13 undefined on input line 296.


LaTeX Warning: Reference `tab:Defense strategy comparison experiment' on page 13 undefined on input line 296.

LaTeX Font Info:    Font shape `OT1/ptm/bx/n' in size <5> not available
(Font)              Font shape `OT1/ptm/b/n' tried instead on input line 301.
) [13] [14] [15 <./figures/chapter4/dp figure.png (PNG copy)>] [16 <./figures/chapter4/chapter4.png> <./figures/chapter4/Comparative experiment of strategy effectiveness.jpg>] [17 <./figures/chapter4/contrast experiment.png (PNG copy)>] (./demo.bbl) (./chapters/appendix01.tex) [18




]
\openout2 = `chapters/index.aux'.

 (./chapters/index.tex) [19


]
\openout2 = `chapters/mresume.aux'.

 (./chapters/mresume.tex) [20




]
\openout2 = `chapters/statement.aux'.

 (./chapters/statement.tex) [21




]
\openout2 = `chapters/dataset.aux'.

 (./chapters/dataset.tex
LaTeX Font Info:    Font shape `OT1/ptm/bx/n' in size <7> not available
(Font)              Font shape `OT1/ptm/b/n' tried instead on input line 13.

Underfull \hbox (badness 5519) in paragraph at lines 25--25
[]|\C70/rm/m/n/10.53937/5b f \C70/rm/m/n/10.53937/4f M \C70/rm/m/n/10.53937/63 à \C70/rm/m/n/10.53937/4e à \C70/rm/m/n/10.53937/53 U \C70/rm/m/n/10.53937/4f M
 []


Underfull \hbox (badness 4328) in paragraph at lines 40--40
[]|\C70/rm/m/n/10.53937/53 ^^W \C70/rm/m/n/10.53937/4e ¨ \C70/rm/m/n/10.53937/5e ^^B \C70/rm/m/n/10.53937/6d w ¿ \C70/rm/m/n/10.53937/53 : \C70/rm/m/n/10.53937/89 ^^?
 []


Overfull \hbox (8.33983pt too wide) in paragraph at lines 13--78
 [][] 
 []

) [22




]

Package natbib Warning: There were undefined citations.

(./demo.aux (./chapters/thanks.aux) (./chapters/abstract.aux) (./chapters/englishabstract.aux) (./chapters/preface.aux) (./chapters/chapter04.aux) (./chapters/index.aux) (./chapters/mresume.aux) (./chapters/statement.aux) (./chapters/dataset.aux))

LaTeX Font Warning: Size substitutions with differences
(Font)              up to 0.47188pt have occurred.


LaTeX Warning: There were undefined references.


LaTeX Warning: Label(s) may have changed. Rerun to get cross-references right.


Package rerunfilecheck Warning: File `demo.out' has changed.
(rerunfilecheck)                Rerun to get outlines right
(rerunfilecheck)                or use package `bookmark'.

Package rerunfilecheck Info: Checksums for `demo.out':
(rerunfilecheck)             Before: <no file>
(rerunfilecheck)             After:  D9BD0B7886044B78E1669EB722E5F3E4;2900.
 ) 
Here is how much of TeX's memory you used:
 22460 strings out of 476025
 391008 string characters out of 5794016
 1896382 words of memory out of 5000000
 41850 multiletter control sequences out of 15000+600000
 690482 words of font info for 507 fonts, out of 8000000 for 9000
 1141 hyphenation exceptions out of 8191
 92i,17n,94p,1897b,722s stack positions out of 10000i,1000n,20000p,200000b,200000s
<c:/Windows/Fonts/simsun.ttc><c:/Windows/Fonts/simhei.ttf><c:/Windows/Fonts/simhei.ttf><c:/Windows/Fonts/simhei.ttf><c:/Windows/Fonts/simhei.ttf><c:/Windows/Fonts/simhei.ttf><c:/Windows/Fonts/simhei.ttf><c:/Windows/Fonts/simhei.ttf><c:/Windows/Fonts/simhei.ttf><c:/Windows/Fonts/simhei.ttf><c:/Windows/Fonts/simhei.ttf><c:/Windows/Fonts/simhei.ttf><c:/Windows/Fonts/simhei.ttf><c:/Windows/Fonts/simsun.ttc><c:/Windows/Fonts/simhei.ttf><c:/Windows/Fonts/simhei.ttf><c:/Windows/Fonts/simsun.ttc><c:/Windows/Fonts/simsun.ttc><c:/Windows/Fonts/simsun.ttc><c:/Windows/Fonts/simhei.ttf><c:/Windows/Fonts/simsun.ttc><c:/Windows/Fonts/simsun.ttc><c:/Windows/Fonts/simsun.ttc><c:/Windows/Fonts/simsun.ttc><c:/Windows/Fonts/simsun.ttc><c:/Windows/Fonts/simsun.ttc><c:/Windows/Fonts/simhei.ttf><c:/Windows/Fonts/simhei.ttf><c:/Windows/Fonts/simhei.ttf><c:/Windows/Fonts/simsun.ttc><c:/Windows/Fonts/simsun.ttc><c:/Windows/Fonts/simsun.ttc><c:/Windows/Fonts/simsun.ttc><c:/Windows/Fonts/simhei.ttf><c:/Windows/Fonts/simhei.ttf><c:/Windows/Fonts/simhei.ttf><c:/Windows/Fonts/simhei.ttf><c:/Windows/Fonts/simhei.ttf><c:/Windows/Fonts/simhei.ttf><c:/Windows/Fonts/simhei.ttf><c:/Windows/Fonts/simhei.ttf><c:/Windows/Fonts/simhei.ttf><c:/Windows/Fonts/simsun.ttc><c:/Windows/Fonts/simhei.ttf><c:/Windows/Fonts/simhei.ttf><c:/Windows/Fonts/simhei.ttf><c:/Windows/Fonts/simhei.ttf><c:/Windows/Fonts/simhei.ttf><c:/Windows/Fonts/simhei.ttf><c:/Windows/Fonts/simhei.ttf><c:/Windows/Fonts/simsun.ttc><c:/Windows/Fonts/simsun.ttc><c:/Windows/Fonts/simsun.ttc><c:/Windows/Fonts/simsun.ttc><c:/Windows/Fonts/simsun.ttc><c:/Windows/Fonts/simsun.ttc><c:/Windows/Fonts/simsun.ttc><c:/Windows/Fonts/simhei.ttf><c:/Windows/Fonts/simhei.ttf><c:/Windows/Fonts/simsun.ttc><c:/Windows/Fonts/simsun.ttc><c:/Windows/Fonts/simhei.ttf><c:/Windows/Fonts/simhei.ttf><c:/Windows/Fonts/simsun.ttc><c:/Windows/Fonts/simsun.ttc><c:/Windows/Fonts/simsun.ttc><c:/Windows/Fonts/simsun.ttc><c:/Windows/Fonts/simsun.ttc><c:/Windows/Fonts/simkai.ttf><c:/Windows/Fonts/simkai.ttf><c:/Windows/Fonts/simkai.ttf><c:/Windows/Fonts/simkai.ttf><c:/Windows/Fonts/simkai.ttf><c:/Windows/Fonts/simsun.ttc><c:/Windows/Fonts/simsun.ttc><c:/Windows/Fonts/simsun.ttc><c:/Windows/Fonts/simsun.ttc><c:/Windows/Fonts/simsun.ttc><c:/Windows/Fonts/simsun.ttc><c:/Windows/Fonts/simsun.ttc><c:/Windows/Fonts/simsun.ttc><c:/Windows/Fonts/simsun.ttc><c:/Windows/Fonts/simsun.ttc><c:/Windows/Fonts/simsun.ttc><c:/Windows/Fonts/simsun.ttc><c:/Windows/Fonts/simsun.ttc><c:/Windows/Fonts/simsun.ttc><c:/Windows/Fonts/simsun.ttc><c:/Windows/Fonts/simsun.ttc><c:/Windows/Fonts/simsun.ttc><c:/Windows/Fonts/simsun.ttc><c:/Windows/Fonts/simsun.ttc><c:/Windows/Fonts/simsun.ttc><c:/Windows/Fonts/simsun.ttc><c:/Windows/Fonts/simsun.ttc><c:/Windows/Fonts/simsun.ttc><c:/Windows/Fonts/simhei.ttf><c:/Windows/Fonts/simhei.ttf><c:/Windows/Fonts/simhei.ttf><c:/Windows/Fonts/simhei.ttf><c:/Windows/Fonts/simhei.ttf><c:/Windows/Fonts/simhei.ttf><c:/Windows/Fonts/simhei.ttf><c:/Windows/Fonts/simhei.ttf><c:/Windows/Fonts/simhei.ttf><c:/Windows/Fonts/simsun.ttc><c:/Windows/Fonts/simsun.ttc><c:/Windows/Fonts/simsun.ttc><c:/Windows/Fonts/simsun.ttc><c:/Windows/Fonts/simsun.ttc><c:/Windows/Fonts/simsun.ttc><c:/Windows/Fonts/simsun.ttc><c:/Windows/Fonts/simsun.ttc><c:/Windows/Fonts/simsun.ttc><c:/Windows/Fonts/simsun.ttc><c:/Windows/Fonts/simsun.ttc><c:/Windows/Fonts/simsun.ttc><c:/Windows/Fonts/simsun.ttc><c:/Windows/Fonts/simsun.ttc><c:/Windows/Fonts/simsun.ttc><c:/Windows/Fonts/simsun.ttc><c:/Windows/Fonts/simsun.ttc><c:/Windows/Fonts/simsun.ttc><c:/Windows/Fonts/simsun.ttc><c:/Windows/Fonts/simsun.ttc><c:/Windows/Fonts/simsun.ttc><c:/Windows/Fonts/simsun.ttc><c:/Windows/Fonts/simsun.ttc><c:/Windows/Fonts/simsun.ttc><c:/Windows/Fonts/simsun.ttc><c:/Windows/Fonts/simsun.ttc><d:/texlive/2023/texmf-dist/fonts/type1/public/amsfonts/cm/cmex10.pfb><d:/texlive/2023/texmf-dist/fonts/type1/public/amsfonts/cm/cmmi10.pfb><d:/texlive/2023/texmf-dist/fonts/type1/public/amsfonts/cm/cmmib10.pfb><d:/texlive/2023/texmf-dist/fonts/type1/public/amsfonts/cm/cmr10.pfb><d:/texlive/2023/texmf-dist/fonts/type1/public/amsfonts/cm/cmsy10.pfb><d:/texlive/2023/texmf-dist/fonts/type1/public/amsfonts/symbols/msbm10.pfb><d:/texlive/2023/texmf-dist/fonts/type1/public/rsfs/rsfs10.pfb><d:/texlive/2023/texmf-dist/fonts/type1/urw/symbol/usyr.pfb><d:/texlive/2023/texmf-dist/fonts/type1/urw/symbol/usyr.pfb><d:/texlive/2023/texmf-dist/fonts/type1/urw/times/utmb8a.pfb><d:/texlive/2023/texmf-dist/fonts/type1/urw/times/utmr8a.pfb><d:/texlive/2023/texmf-dist/fonts/type1/urw/times/utmri8a.pfb>
Output written on demo.pdf (30 pages, 4500096 bytes).
PDF statistics:
 917 PDF objects out of 1000 (max. 8388607)
 636 compressed objects within 7 object streams
 111 named destinations out of 1000 (max. 500000)
 353 words of extra memory for PDF output out of 10000 (max. 10000000)

