\BOOKMARK [0][-]{chapter*.4}{\376\377\144\130\211\201}{}% 1
\BOOKMARK [0][-]{chapter*.5}{\376\377\000A\000B\000S\000T\000R\000A\000C\000T}{}% 2
\BOOKMARK [0][-]{chapter*.6}{\376\377\136\217\212\000}{}% 3
\BOOKMARK [0][-]{bittoc.0}{\376\377\166\356\137\125}{}% 4
\BOOKMARK [0][-]{chapter.1}{\376\377\0001\000\040\000\040\127\372\116\216\172\000\165\217\133\146\116\140\124\214\150\257\136\246\142\160\122\250\166\204\150\257\136\246\154\304\227\062\226\062\142\244}{}% 5
\BOOKMARK [1][-]{section.1.1}{\376\377\0001\000.\0001\000\040\166\370\121\163\135\345\117\134\124\214\142\200\147\057\116\313\176\315}{chapter.1}% 6
\BOOKMARK [2][-]{subsection.1.1.1}{\376\377\0001\000.\0001\000.\0001\000\040\162\171\137\201\143\320\123\326\116\016\172\000\165\217\133\146\116\140}{section.1.1}% 7
\BOOKMARK [2][-]{subsection.1.1.2}{\376\377\0001\000.\0001\000.\0002\000\040\135\356\122\006\226\220\171\301}{section.1.1}% 8
\BOOKMARK [1][-]{section.1.2}{\376\377\0001\000.\0002\000\040\127\372\116\216\172\000\165\217\133\146\116\140\124\214\150\257\136\246\142\160\122\250\166\204\150\257\136\246\154\304\227\062\226\062\142\244\145\271\150\110}{chapter.1}% 9
\BOOKMARK [2][-]{subsection.1.2.1}{\376\377\0001\000.\0002\000.\0001\000\040\150\257\136\246\154\304\227\062\145\073\121\373\152\041\127\213}{section.1.2}% 10
\BOOKMARK [2][-]{subsection.1.2.2}{\376\377\0001\000.\0002\000.\0002\000\040\127\372\116\216\172\000\165\217\133\146\116\140\166\204\226\220\171\301\117\335\142\244\173\126\165\145}{section.1.2}% 11
\BOOKMARK [2][-]{subsection.1.2.3}{\376\377\0001\000.\0002\000.\0003\000\040\127\372\116\216\000D\000P\000-\000S\000G\000D\166\204\150\257\136\246\142\160\122\250\173\126\165\145}{section.1.2}% 12
\BOOKMARK [1][-]{section.1.3}{\376\377\0001\000.\0003\000\040\127\372\116\216\172\000\165\217\133\146\116\140\124\214\150\257\136\246\142\160\122\250\166\204\150\257\136\246\154\304\227\062\226\062\142\244\133\236\232\214}{chapter.1}% 13
\BOOKMARK [2][-]{subsection.1.3.1}{\376\377\0001\000.\0003\000.\0001\000\040\133\236\232\214\213\276\177\156\124\214\133\236\163\260\176\306\202\202}{section.1.3}% 14
\BOOKMARK [2][-]{subsection.1.3.2}{\376\377\0001\000.\0003\000.\0002\000\040\173\126\165\145\166\204\147\011\145\110\140\047\213\304\117\060}{section.1.3}% 15
\BOOKMARK [1][-]{section.1.4}{\376\377\0001\000.\0004\000\040\147\054\172\340\134\017\176\323}{chapter.1}% 16
\BOOKMARK [0][-]{chapter*.17}{\376\377\226\104\137\125\000A}{}% 17
\BOOKMARK [0][-]{chapter*.18}{\376\377\175\042\137\025}{}% 18
\BOOKMARK [0][-]{chapter*.19}{\376\377\117\134\200\005\173\200\123\206\123\312\145\073\213\373\170\125\130\353\133\146\117\115\147\037\225\364\123\326\137\227\166\204\170\024\172\166\142\020\147\234}{}% 19
\BOOKMARK [0][-]{chapter*.20}{\376\377\162\354\122\033\140\047\130\360\146\016}{}% 20
\BOOKMARK [0][-]{chapter*.21}{\376\377\133\146\117\115\213\272\145\207\145\160\143\156\226\306}{}% 21
